<?xml version="1.0" encoding="UTF-8"?>
<testsuite name="de.tomgrill.gdxtesting.UnitTests.QuestTest" tests="1" skipped="0" failures="0" errors="0" timestamp="2022-04-26T00:19:41" hostname="BLANK" time="0.014">
  <properties/>
  <testcase name="Test_Quest" classname="de.tomgrill.gdxtesting.UnitTests.QuestTest" time="0.014"/>
  <system-out><![CDATA[]]></system-out>
  <system-err><![CDATA[]]></system-err>
</testsuite>
