<?xml version="1.0" encoding="UTF-8"?>
<testsuite name="de.tomgrill.gdxtesting.UnitTests.InventoryTest" tests="1" skipped="0" failures="0" errors="0" timestamp="2022-04-24T01:58:50" hostname="BLANK" time="0.004">
  <properties/>
  <testcase name="testInventory" classname="de.tomgrill.gdxtesting.UnitTests.InventoryTest" time="0.004"/>
  <system-out><![CDATA[]]></system-out>
  <system-err><![CDATA[]]></system-err>
</testsuite>
