<?xml version="1.0" encoding="UTF-8"?>
<testsuite name="de.tomgrill.gdxtesting.UnitTests.RoomTest" tests="1" skipped="0" failures="0" errors="0" timestamp="2022-02-28T01:21:46" hostname="blank" time="0.111">
  <properties/>
  <testcase name="RoomTest" classname="de.tomgrill.gdxtesting.UnitTests.RoomTest" time="0.111"/>
  <system-out><![CDATA[]]></system-out>
  <system-err><![CDATA[]]></system-err>
</testsuite>
